Build started 27/8/2014 9:18:55 PM.
     1>Project "C:\Users\Saloni\Desktop\NUS YEAR 4 SEM1\CS3202\StudentUnitTest\StudentUnitTest\StudentUnitTest.vcxproj" on node 2 (build target(s)).
     1>InitializeBuildStatus:
         Touching "Release\StudentUnitTest.unsuccessfulbuild".
       ClCompile:
         All outputs are up-to-date.
       Link:
         c:\Program Files (x86)\Microsoft Visual Studio 10.0\VC\bin\link.exe /ERRORREPORT:PROMPT /OUT:"C:\Users\Saloni\Desktop\NUS YEAR 4 SEM1\CS3202\StudentUnitTest\Release\StudentUnitTest.exe" /INCREMENTAL:NO /NOLOGO "C:\cppunit-1.12.1\lib\cppunit.lib" /MANIFEST /ManifestFile:"Release\StudentUnitTest.exe.intermediate.manifest" /MANIFESTUAC:"level='asInvoker' uiAccess='false'" /DEBUG /PDB:"C:\Users\Saloni\Desktop\NUS YEAR 4 SEM1\CS3202\StudentUnitTest\Release\StudentUnitTest.pdb" /SUBSYSTEM:CONSOLE /OPT:REF /OPT:ICF /LTCG /TLBID:1 /DYNAMICBASE /NXCOMPAT /IMPLIB:"C:\Users\Saloni\Desktop\NUS YEAR 4 SEM1\CS3202\StudentUnitTest\Release\StudentUnitTest.lib" /MACHINE:X86 Release\Course.obj
         Release\Main.obj
         Release\Student.obj
         Release\TestStudent.obj
     1>cppunit.lib(TestRunner.obj) : error LNK2038: mismatch detected for '_ITERATOR_DEBUG_LEVEL': value '0' doesn't match value '2' in Course.obj
     1>cppunit.lib(TextTestRunner.obj) : error LNK2038: mismatch detected for '_ITERATOR_DEBUG_LEVEL': value '0' doesn't match value '2' in Course.obj
     1>cppunit.lib(TestFactoryRegistry.obj) : error LNK2038: mismatch detected for '_ITERATOR_DEBUG_LEVEL': value '0' doesn't match value '2' in Course.obj
     1>cppunit.lib(TestLeaf.obj) : error LNK2038: mismatch detected for '_ITERATOR_DEBUG_LEVEL': value '0' doesn't match value '2' in Course.obj
     1>cppunit.lib(Message.obj) : error LNK2038: mismatch detected for '_ITERATOR_DEBUG_LEVEL': value '0' doesn't match value '2' in Course.obj
     1>cppunit.lib(Test.obj) : error LNK2038: mismatch detected for '_ITERATOR_DEBUG_LEVEL': value '0' doesn't match value '2' in Course.obj
     1>cppunit.lib(TestSuite.obj) : error LNK2038: mismatch detected for '_ITERATOR_DEBUG_LEVEL': value '0' doesn't match value '2' in Course.obj
     1>cppunit.lib(TestSuiteBuilderContext.obj) : error LNK2038: mismatch detected for '_ITERATOR_DEBUG_LEVEL': value '0' doesn't match value '2' in Course.obj
     1>cppunit.lib(TestNamer.obj) : error LNK2038: mismatch detected for '_ITERATOR_DEBUG_LEVEL': value '0' doesn't match value '2' in Course.obj
     1>cppunit.lib(SourceLine.obj) : error LNK2038: mismatch detected for '_ITERATOR_DEBUG_LEVEL': value '0' doesn't match value '2' in Course.obj
     1>cppunit.lib(AdditionalMessage.obj) : error LNK2038: mismatch detected for '_ITERATOR_DEBUG_LEVEL': value '0' doesn't match value '2' in Course.obj
     1>cppunit.lib(TestCase.obj) : error LNK2038: mismatch detected for '_ITERATOR_DEBUG_LEVEL': value '0' doesn't match value '2' in Course.obj
     1>cppunit.lib(Asserter.obj) : error LNK2038: mismatch detected for '_ITERATOR_DEBUG_LEVEL': value '0' doesn't match value '2' in Course.obj
     1>cppunit.lib(TestPath.obj) : error LNK2038: mismatch detected for '_ITERATOR_DEBUG_LEVEL': value '0' doesn't match value '2' in Course.obj
     1>cppunit.lib(TestComposite.obj) : error LNK2038: mismatch detected for '_ITERATOR_DEBUG_LEVEL': value '0' doesn't match value '2' in Course.obj
     1>cppunit.lib(TextOutputter.obj) : error LNK2038: mismatch detected for '_ITERATOR_DEBUG_LEVEL': value '0' doesn't match value '2' in Course.obj
     1>cppunit.lib(TestResult.obj) : error LNK2038: mismatch detected for '_ITERATOR_DEBUG_LEVEL': value '0' doesn't match value '2' in Course.obj
     1>cppunit.lib(TestResultCollector.obj) : error LNK2038: mismatch detected for '_ITERATOR_DEBUG_LEVEL': value '0' doesn't match value '2' in Course.obj
     1>cppunit.lib(TextTestProgressListener.obj) : error LNK2038: mismatch detected for '_ITERATOR_DEBUG_LEVEL': value '0' doesn't match value '2' in Course.obj
     1>cppunit.lib(TypeInfoHelper.obj) : error LNK2038: mismatch detected for '_ITERATOR_DEBUG_LEVEL': value '0' doesn't match value '2' in Course.obj
     1>cppunit.lib(Protector.obj) : error LNK2038: mismatch detected for '_ITERATOR_DEBUG_LEVEL': value '0' doesn't match value '2' in Course.obj
     1>cppunit.lib(Exception.obj) : error LNK2038: mismatch detected for '_ITERATOR_DEBUG_LEVEL': value '0' doesn't match value '2' in Course.obj
     1>cppunit.lib(ProtectorChain.obj) : error LNK2038: mismatch detected for '_ITERATOR_DEBUG_LEVEL': value '0' doesn't match value '2' in Course.obj
     1>cppunit.lib(DefaultProtector.obj) : error LNK2038: mismatch detected for '_ITERATOR_DEBUG_LEVEL': value '0' doesn't match value '2' in Course.obj
     1>cppunit.lib(TestFailure.obj) : error LNK2038: mismatch detected for '_ITERATOR_DEBUG_LEVEL': value '0' doesn't match value '2' in Course.obj
     1>LINK : warning LNK4098: defaultlib 'MSVCRT' conflicts with use of other libs; use /NODEFAULTLIB:library
     1>C:\Users\Saloni\Desktop\NUS YEAR 4 SEM1\CS3202\StudentUnitTest\Release\StudentUnitTest.exe : fatal error LNK1319: 25 mismatches detected
     1>Done Building Project "C:\Users\Saloni\Desktop\NUS YEAR 4 SEM1\CS3202\StudentUnitTest\StudentUnitTest\StudentUnitTest.vcxproj" (build target(s)) -- FAILED.

Build FAILED.

Time Elapsed 00:00:00.40
